Arguments: 
  C:\Program Files\nodejs\node.exe C:\Users\Adrian\AppData\Roaming\npm\node_modules\yarn\bin\yarn.js add react-navigation-stack

PATH: 
  c:\windows\system32;c:\windows;c:\windows\system32\wbem;c:\windows\system32\windowspowershell\v1.0\;c:\windows\system32\openssh\;c:\program files\nvidia corporation\nvidia nvdlisr;C:\Program Files (x86)\NVIDIA Corporation\PhysX\Common;C:\Users\Adrian\AppData\Local\Programs\Python\Python37-32\Scripts;C:\Program Files\Git\cmd;C:\Program Files\nodejs\;C:\Users\Adrian\Documents;C:\Users\Adrian\AppData\Local\Microsoft\WindowsApps;C:\Users\Adrian\AppData\Roaming\npm;C:\Users\Adrian\AppData\Local\Programs\Microsoft VS Code\bin;C:\Users\Adrian\AppData\Local\Programs\Fiddler

Yarn version: 
  1.21.0

Node version: 
  12.9.0

Platform: 
  win32 x64

Trace: 
  Error: EPERM: operation not permitted, unlink 'C:\Users\Adrian\odliczanie\node_modules\@babel\plugin-proposal-unicode-property-regex\src\index.js'

npm manifest: 
  {
    "main": "node_modules/expo/AppEntry.js",
    "scripts": {
      "start": "expo start",
      "android": "expo start --android",
      "ios": "expo start --ios",
      "web": "expo start --web",
      "eject": "expo eject"
    },
    "dependencies": {
      "expo": "^35.0.0",
      "react": "16.8.3",
      "react-dom": "16.8.3",
      "react-native": "https://github.com/expo/react-native/archive/sdk-35.0.0.tar.gz",
      "react-native-gesture-handler": "^1.5.2",
      "react-native-reanimated": "^1.4.0",
      "react-native-screens": "^2.0.0-alpha.22",
      "react-native-web": "^0.11.7",
      "react-navigation": "^4.0.10"
    },
    "devDependencies": {
      "babel-preset-expo": "^7.1.0"
    },
    "private": true
  }

yarn manifest: 
  No manifest

Lockfile: 
  No lockfile
